<?xml version="1.0" encoding="UTF-8"?>
<testng-results ignored="0" total="0" passed="0" failed="0" skipped="0">
  <reporter-output>
  </reporter-output>
  <suite started-at="2020-05-17T22:18:51 CEST" name="saving_jobs_process_tests.TestBase" finished-at="2020-05-17T22:18:51 CEST" duration-ms="3">
    <groups>
    </groups>
    <test started-at="2020-05-17T22:18:51 CEST" name="Command line test" finished-at="2020-05-17T22:18:51 CEST" duration-ms="3">
    </test> <!-- Command line test -->
  </suite> <!-- saving_jobs_process_tests.TestBase -->
</testng-results>
